<?xml version="1.0" encoding="UTF-8"?>
<!-- Generated by org.testng.reporters.JUnitReportReporter -->
<testsuite hostname="DESKTOP-J1E68OA" failures="0" tests="1" name="TestLayer.RegisterPageTest" time="6.282" errors="0" timestamp="2023-05-10T22:01:03 IST" skipped="0">
  <testcase classname="TestLayer.RegisterPageTest" name="validateRegisterFunctionality" time="6.282"/>
  <system-out/>
</testsuite> <!-- TestLayer.RegisterPageTest -->
