<?xml version="1.0" encoding="UTF-8"?>
<!-- Generated by org.testng.reporters.JUnitReportReporter -->
<testsuite hostname="DESKTOP-J1E68OA" failures="0" tests="8" name="TestLayer.RegisterSucessTest" time="0.353" errors="0" timestamp="2023-05-10T22:01:03 IST" skipped="0">
  <testcase classname="TestLayer.RegisterSucessTest" name="pqr" time="0.003"/>
  <system-out/>
  <testcase classname="TestLayer.RegisterSucessTest" name="abc" time="0.019"/>
  <system-out/>
  <testcase classname="TestLayer.RegisterSucessTest" name="xyz" time="0.007"/>
  <system-out/>
  <testcase classname="TestLayer.RegisterSucessTest" name="pqr1" time="0.004"/>
  <system-out/>
  <testcase classname="TestLayer.RegisterSucessTest" name="validateSucessPageUrl" time="0.021"/>
  <system-out/>
  <testcase classname="TestLayer.RegisterSucessTest" name="validateFirstName" time="0.057"/>
  <system-out/>
  <testcase classname="TestLayer.RegisterSucessTest" name="validateLastName" time="0.124"/>
  <system-out/>
  <testcase classname="TestLayer.RegisterSucessTest" name="validateEmailId" time="0.118"/>
  <system-out/>
</testsuite> <!-- TestLayer.RegisterSucessTest -->
